<?xml version="1.0" encoding="UTF-8"?>
<testng-results ignored="0" total="1" passed="1" failed="0" skipped="0">
  <reporter-output>
  </reporter-output>
  <suite started-at="2025-09-24T02:45:49 CST" name="MercadoLibre Suite" finished-at="2025-09-24T02:46:08 CST" duration-ms="18254">
    <groups>
    </groups>
    <test started-at="2025-09-24T02:45:49 CST" name="Pruebas MercadoLibre" finished-at="2025-09-24T02:46:08 CST" duration-ms="18254">
      <class name="tests.MercadoLibreTest">
        <test-method is-config="true" signature="setUp()[pri:0, instance:tests.MercadoLibreTest@9225652]" started-at="2025-09-24T02:45:49 CST" name="setUp" finished-at="2025-09-24T02:45:53 CST" duration-ms="3240" status="PASS">
          <reporter-output>
          </reporter-output>
        </test-method> <!-- setUp -->
        <test-method signature="testSearchPS5()[pri:0, instance:tests.MercadoLibreTest@9225652]" started-at="2025-09-24T02:45:53 CST" name="testSearchPS5" finished-at="2025-09-24T02:46:07 CST" duration-ms="14045" status="PASS">
          <reporter-output>
          </reporter-output>
        </test-method> <!-- testSearchPS5 -->
        <test-method is-config="true" signature="tearDown()[pri:0, instance:tests.MercadoLibreTest@9225652]" started-at="2025-09-24T02:46:07 CST" name="tearDown" finished-at="2025-09-24T02:46:08 CST" duration-ms="906" status="PASS">
          <reporter-output>
          </reporter-output>
        </test-method> <!-- tearDown -->
      </class> <!-- tests.MercadoLibreTest -->
    </test> <!-- Pruebas MercadoLibre -->
  </suite> <!-- MercadoLibre Suite -->
</testng-results>
